<?xml version="1.0" encoding="UTF-8"?>
<!-- Generated by org.testng.reporters.JUnitXMLReporter -->
<testsuite ignored="0" hostname="DESKTOP-PS5UK1D" failures="1" tests="7" name="Test" time="87.135" errors="0" timestamp="2023-01-07T15:31:58 IST">
  <testcase classname="tests.RegisterTest" name="registerWithMandatoryFields" time="6.884"/>
  <testcase classname="tests.RegisterTest" name="registerWithAllFields" time="5.797"/>
  <testcase classname="tests.LoginTest" name="loginWithValidCrendetials" time="3.323">
    <failure type="java.lang.AssertionError" message="expected [false] but found [true]">
      <![CDATA[java.lang.AssertionError: expected [false] but found [true]
at tests.LoginTest.loginWithValidCrendetials(LoginTest.java:41)
at java.base/java.util.ArrayList.forEach(ArrayList.java:1511)
... Removed 31 stack frames]]>
    </failure>
  </testcase> <!-- loginWithValidCrendetials -->
  <testcase classname="tests.LoginTest" name="loginWithInvalidCredentials" time="4.215"/>
  <testcase classname="tests.SearchTest" name="searchWithValidProductName" time="1.386"/>
  <testcase classname="tests.SearchTest" name="searchWithInvalidProductName" time="1.294"/>
  <testcase classname="tests.SearchTest" name="searchByNotProvidingAnyProductName" time="1.264"/>
</testsuite> <!-- Test -->
